<?xml version="1.0" encoding="UTF-8"?>
<testng-results ignored="0" total="1" passed="1" failed="0" skipped="0">
  <reporter-output>
  </reporter-output>
  <suite started-at="2022-02-25T15:57:59 IST" name="Default suite" finished-at="2022-02-25T15:58:01 IST" duration-ms="2739">
    <groups>
    </groups>
    <test started-at="2022-02-25T15:57:59 IST" name="Default test" finished-at="2022-02-25T15:58:01 IST" duration-ms="2739">
      <class name="Sample.Get_Request">
        <test-method signature="getrequest()[pri:0, instance:Sample.Get_Request@5fd4f8f5]" started-at="2022-02-25T15:57:59 IST" name="getrequest" finished-at="2022-02-25T15:58:01 IST" duration-ms="2714" status="PASS">
          <reporter-output>
          </reporter-output>
        </test-method> <!-- getrequest -->
      </class> <!-- Sample.Get_Request -->
    </test> <!-- Default test -->
  </suite> <!-- Default suite -->
</testng-results>
